<?xml version="1.0" encoding="UTF-8"?>
<testsuite name="edu.coursera.concurrent.BoruvkaPerformanceTest" time="113.649" tests="2" errors="0" skipped="0" failures="2">
  <properties>
[...]
</properties>
  <testcase name="testInputUSAroadFLA" classname="edu.coursera.concurrent.BoruvkaPerformanceTest" time="43.083">
    <failure message="Expected speedup of at least 1.700000x, but was 1.347166x" type="junit.framework.AssertionFailedError">junit.framework.AssertionFailedError: Expected speedup of at least 1.700000x, but was 1.347166x
	at junit.framework.Assert.fail(Assert.java:47)
	at junit.framework.Assert.assertTrue(Assert.java:20)
	at edu.coursera.concurrent.BoruvkaPerformanceTest.testInputUSAroadFLA(BoruvkaPerformanceTest.java:113)
</failure>
    <system-err><![CDATA[  src/main/resources/boruvka/USA-road-d.FLA.gr.gz - edu.coursera.concurrent.boruvka.sequential.SeqBoruvka - 1582
  src/main/resources/boruvka/USA-road-d.FLA.gr.gz - edu.coursera.concurrent.boruvka.sequential.SeqBoruvka - 1331
  src/main/resources/boruvka/USA-road-d.FLA.gr.gz - edu.coursera.concurrent.boruvka.sequential.SeqBoruvka - 1341
  src/main/resources/boruvka/USA-road-d.FLA.gr.gz - edu.coursera.concurrent.boruvka.sequential.SeqBoruvka - 1353
  src/main/resources/boruvka/USA-road-d.FLA.gr.gz - edu.coursera.concurrent.boruvka.sequential.SeqBoruvka - 1430
  src/main/resources/boruvka/USA-road-d.FLA.gr.gz - edu.coursera.concurrent.ParBoruvka - 1236
  src/main/resources/boruvka/USA-road-d.FLA.gr.gz - edu.coursera.concurrent.ParBoruvka - 1156
  src/main/resources/boruvka/USA-road-d.FLA.gr.gz - edu.coursera.concurrent.ParBoruvka - 1316
  src/main/resources/boruvka/USA-road-d.FLA.gr.gz - edu.coursera.concurrent.ParBoruvka - 988
  src/main/resources/boruvka/USA-road-d.FLA.gr.gz - edu.coursera.concurrent.ParBoruvka - 1032
]]></system-err>
  </testcase>
  <testcase name="testInputUSAroadNE" classname="edu.coursera.concurrent.BoruvkaPerformanceTest" time="70.566">
    <failure message="Expected speedup of at least 1.700000x, but was 1.092680x" type="junit.framework.AssertionFailedError">junit.framework.AssertionFailedError: Expected speedup of at least 1.700000x, but was 1.092680x
	at junit.framework.Assert.fail(Assert.java:47)
	at junit.framework.Assert.assertTrue(Assert.java:20)
	at edu.coursera.concurrent.BoruvkaPerformanceTest.testInputUSAroadNE(BoruvkaPerformanceTest.java:124)
</failure>
    <system-err><![CDATA[  src/main/resources/boruvka/USA-road-d.NE.gr.gz - edu.coursera.concurrent.boruvka.sequential.SeqBoruvka - 2596
  src/main/resources/boruvka/USA-road-d.NE.gr.gz - edu.coursera.concurrent.boruvka.sequential.SeqBoruvka - 1951
  src/main/resources/boruvka/USA-road-d.NE.gr.gz - edu.coursera.concurrent.boruvka.sequential.SeqBoruvka - 2982
  src/main/resources/boruvka/USA-road-d.NE.gr.gz - edu.coursera.concurrent.boruvka.sequential.SeqBoruvka - 1851
  src/main/resources/boruvka/USA-road-d.NE.gr.gz - edu.coursera.concurrent.boruvka.sequential.SeqBoruvka - 2378
  src/main/resources/boruvka/USA-road-d.NE.gr.gz - edu.coursera.concurrent.ParBoruvka - 1694
  src/main/resources/boruvka/USA-road-d.NE.gr.gz - edu.coursera.concurrent.ParBoruvka - 2711
  src/main/resources/boruvka/USA-road-d.NE.gr.gz - edu.coursera.concurrent.ParBoruvka - 1946
  src/main/resources/boruvka/USA-road-d.NE.gr.gz - edu.coursera.concurrent.ParBoruvka - 2276
  src/main/resources/boruvka/USA-road-d.NE.gr.gz - edu.coursera.concurrent.ParBoruvka - 3434
]]></system-err>
  </testcase>
</testsuite>